0 info it worked if it ends with ok
1 verbose cli [ '/Users/kenhibino/.nvm/versions/node/v6.2.1/bin/node',
1 verbose cli   '/Users/kenhibino/.nvm/versions/node/v6.2.1/bin/npm',
1 verbose cli   'run',
1 verbose cli   'build' ]
2 info using npm@3.9.3
3 info using node@v6.2.1
4 verbose run-script [ 'prebuild', 'build', 'postbuild' ]
5 info lifecycle react-places-autocomplete@0.0.0-semantically-released~prebuild: react-places-autocomplete@0.0.0-semantically-released
6 verbose lifecycle react-places-autocomplete@0.0.0-semantically-released~prebuild: unsafe-perm in lifecycle true
7 verbose lifecycle react-places-autocomplete@0.0.0-semantically-released~prebuild: PATH: /Users/kenhibino/.nvm/versions/node/v6.2.1/lib/node_modules/npm/bin/node-gyp-bin:/Users/kenhibino/Desktop/OpenSource/react-places-autocomplete/node_modules/.bin:/Users/kenhibino/.nvm/versions/node/v6.2.1/bin:/Users/kenhibino/.nvm/versions/node/v6.2.1/bin:/Library/Frameworks/Python.framework/Versions/3.5/bin:/Users/kenhibino/.rbenv/shims:/Users/kenhibino/.rbenv/bin:/usr/local/bin:/usr/bin:/bin:/usr/sbin:/sbin:~/.rbenv/shims:~/.rbenv/bin:/opt/X11/bin
8 verbose lifecycle react-places-autocomplete@0.0.0-semantically-released~prebuild: CWD: /Users/kenhibino/Desktop/OpenSource/react-places-autocomplete
9 silly lifecycle react-places-autocomplete@0.0.0-semantically-released~prebuild: Args: [ '-c', 'rimraf dist' ]
10 silly lifecycle react-places-autocomplete@0.0.0-semantically-released~prebuild: Returned: code: 0  signal: null
11 info lifecycle react-places-autocomplete@0.0.0-semantically-released~build: react-places-autocomplete@0.0.0-semantically-released
12 verbose lifecycle react-places-autocomplete@0.0.0-semantically-released~build: unsafe-perm in lifecycle true
13 verbose lifecycle react-places-autocomplete@0.0.0-semantically-released~build: PATH: /Users/kenhibino/.nvm/versions/node/v6.2.1/lib/node_modules/npm/bin/node-gyp-bin:/Users/kenhibino/Desktop/OpenSource/react-places-autocomplete/node_modules/.bin:/Users/kenhibino/.nvm/versions/node/v6.2.1/bin:/Users/kenhibino/.nvm/versions/node/v6.2.1/bin:/Library/Frameworks/Python.framework/Versions/3.5/bin:/Users/kenhibino/.rbenv/shims:/Users/kenhibino/.rbenv/bin:/usr/local/bin:/usr/bin:/bin:/usr/sbin:/sbin:~/.rbenv/shims:~/.rbenv/bin:/opt/X11/bin
14 verbose lifecycle react-places-autocomplete@0.0.0-semantically-released~build: CWD: /Users/kenhibino/Desktop/OpenSource/react-places-autocomplete
15 silly lifecycle react-places-autocomplete@0.0.0-semantically-released~build: Args: [ '-c', 'npm-run-all --parallel build:*' ]
16 silly lifecycle react-places-autocomplete@0.0.0-semantically-released~build: Returned: code: 1  signal: null
17 info lifecycle react-places-autocomplete@0.0.0-semantically-released~build: Failed to exec build script
18 verbose stack Error: react-places-autocomplete@0.0.0-semantically-released build: `npm-run-all --parallel build:*`
18 verbose stack Exit status 1
18 verbose stack     at EventEmitter.<anonymous> (/Users/kenhibino/.nvm/versions/node/v6.2.1/lib/node_modules/npm/lib/utils/lifecycle.js:245:16)
18 verbose stack     at emitTwo (events.js:106:13)
18 verbose stack     at EventEmitter.emit (events.js:191:7)
18 verbose stack     at ChildProcess.<anonymous> (/Users/kenhibino/.nvm/versions/node/v6.2.1/lib/node_modules/npm/lib/utils/spawn.js:24:14)
18 verbose stack     at emitTwo (events.js:106:13)
18 verbose stack     at ChildProcess.emit (events.js:191:7)
18 verbose stack     at maybeClose (internal/child_process.js:852:16)
18 verbose stack     at Process.ChildProcess._handle.onexit (internal/child_process.js:215:5)
19 verbose pkgid react-places-autocomplete@0.0.0-semantically-released
20 verbose cwd /Users/kenhibino/Desktop/OpenSource/react-places-autocomplete
21 error Darwin 15.0.0
22 error argv "/Users/kenhibino/.nvm/versions/node/v6.2.1/bin/node" "/Users/kenhibino/.nvm/versions/node/v6.2.1/bin/npm" "run" "build"
23 error node v6.2.1
24 error npm  v3.9.3
25 error code ELIFECYCLE
26 error react-places-autocomplete@0.0.0-semantically-released build: `npm-run-all --parallel build:*`
26 error Exit status 1
27 error Failed at the react-places-autocomplete@0.0.0-semantically-released build script 'npm-run-all --parallel build:*'.
27 error Make sure you have the latest version of node.js and npm installed.
27 error If you do, this is most likely a problem with the react-places-autocomplete package,
27 error not with npm itself.
27 error Tell the author that this fails on your system:
27 error     npm-run-all --parallel build:*
27 error You can get information on how to open an issue for this project with:
27 error     npm bugs react-places-autocomplete
27 error Or if that isn't available, you can get their info via:
27 error     npm owner ls react-places-autocomplete
27 error There is likely additional logging output above.
28 verbose exit [ 1, true ]
